<?xml version="1.0" encoding="UTF-8"?>
<!-- Generated by org.testng.reporters.JUnitReportReporter -->
<testsuite skipped="0" hostname="LTCHN-47075" name="TestNG.SampleProgram" tests="6" failures="0" timestamp="2021-05-27T19:57:37 IST" time="0.041" errors="0">
  <testcase name="signOut" time="0.005" classname="TestNG.SampleProgram"/>
  <system-out/>
  <testcase name="firstname" time="0.016" classname="TestNG.SampleProgram"/>
  <system-out/>
  <testcase name="setProfilePic" time="0.010" classname="TestNG.SampleProgram"/>
  <system-out/>
  <testcase name="deleteProfile" time="0.003" classname="TestNG.SampleProgram"/>
  <system-out/>
  <testcase name="deleteProfile" time="0.001" classname="TestNG.SampleProgram"/>
  <system-out/>
  <testcase name="reloadPage" time="0.006" classname="TestNG.SampleProgram"/>
  <system-out/>
</testsuite> <!-- TestNG.SampleProgram -->
