<?xml version="1.0" encoding="UTF-8"?>
<!-- Generated by org.testng.reporters.JUnitReportReporter -->
<testsuite skipped="0" hostname="LTCHN-47075" name="TestNG.SampleProgram" tests="4" failures="0" timestamp="2021-05-23T20:41:01 IST" time="0.009" errors="0">
  <testcase name="firstname" time="0.003" classname="TestNG.SampleProgram"/>
  <system-out/>
  <testcase name="setProfilePic" time="0.002" classname="TestNG.SampleProgram"/>
  <system-out/>
  <testcase name="deleteProfile" time="0.002" classname="TestNG.SampleProgram"/>
  <system-out/>
  <testcase name="deleteProfile" time="0.002" classname="TestNG.SampleProgram"/>
  <system-out/>
</testsuite> <!-- TestNG.SampleProgram -->
