<?xml version="1.0" encoding="UTF-8"?>
<!-- Generated by org.testng.reporters.JUnitReportReporter -->
<testsuite skipped="0" hostname="LTCHN-47075" name="TestNG.VerifyGooglePlayStore" tests="1" failures="0" timestamp="2021-05-22T19:42:59 IST" time="51.462" errors="0">
  <testcase name="servicesName" time="51.462" classname="TestNG.VerifyGooglePlayStore"/>
  <system-out/>
</testsuite> <!-- TestNG.VerifyGooglePlayStore -->
